=====================================
 To: Anil(mule) (BANDARU-PC/192.168.1.167/bandaru-<bfdf92a59f467e28>)
  at Thu Jul 14 13:00:21 2016 (RSA2/Signed)(sealed)
  (files) pradeep-runtime.zip, pradeep-magmt.zip
-------------------------------------


=====================================
 From: Anil(mule) (BANDARU-PC/192.168.1.167/bandaru-<bfdf92a59f467e28>)
  at Thu Jul 14 13:04:35 2016 (RSA2/Signed)(sealed)
-------------------------------------
send those two files again

=====================================
 To: Anil(mule) (BANDARU-PC/192.168.1.167/bandaru-<bfdf92a59f467e28>)
  at Thu Jul 14 13:05:01 2016 (RSA2/Signed)(sealed)
  (files) pradeep-runtime.zip
-------------------------------------
>send those two files again


=====================================
 To: Anil(mule) (BANDARU-PC/192.168.1.167/bandaru-<bfdf92a59f467e28>)
  at Thu Jul 14 13:05:46 2016 (RSA2/Signed)(sealed)
  (files) pradeep-magmt.zip
-------------------------------------


